<?xml version="1.0" encoding="UTF-8"?>
<!-- Generated by org.testng.reporters.JUnitXMLReporter -->
<testsuite hostname="admin-PC" ignored="0" tests="3" failures="0" timestamp="09 Apr 2019 19:43:48 GMT" time="69.895" errors="0">
  <testcase name="welcomePage_shouldLookGood_onDesktopDevice" time="9.591" classname="InternetExplorerTC"/>
  <testcase name="welcomePage_shouldLookGood_onDesktopDevice" time="16.027" classname="FireFoxTC"/>
  <testcase name="welcomePage_shouldLookGood_onDesktopDevice" time="9.012" classname="ChromeTC"/>
</testsuite>
